Determining if the pthread_create exist failed with the following output:
Change Dir: /home/xiang/sources/rgbd-slam-tutorial-gx/part II/build/CMakeFiles/CMakeTmp

Run Build Command:"/usr/bin/make" "cmTC_11a51/fast"
/usr/bin/make -f CMakeFiles/cmTC_11a51.dir/build.make CMakeFiles/cmTC_11a51.dir/build
make[1]: Entering directory '/home/xiang/sources/rgbd-slam-tutorial-gx/part II/build/CMakeFiles/CMakeTmp'
Building C object CMakeFiles/cmTC_11a51.dir/CheckSymbolExists.c.o
/usr/bin/cc     -o CMakeFiles/cmTC_11a51.dir/CheckSymbolExists.c.o   -c "/home/xiang/sources/rgbd-slam-tutorial-gx/part II/build/CMakeFiles/CMakeTmp/CheckSymbolExists.c"
Linking C executable cmTC_11a51
/usr/bin/cmake -E cmake_link_script CMakeFiles/cmTC_11a51.dir/link.txt --verbose=1
/usr/bin/cc       CMakeFiles/cmTC_11a51.dir/CheckSymbolExists.c.o  -o cmTC_11a51 -rdynamic 
CMakeFiles/cmTC_11a51.dir/CheckSymbolExists.c.o: In function `main':
CheckSymbolExists.c:(.text+0x16): undefined reference to `pthread_create'
collect2: error: ld returned 1 exit status
CMakeFiles/cmTC_11a51.dir/build.make:97: recipe for target 'cmTC_11a51' failed
make[1]: *** [cmTC_11a51] Error 1
make[1]: Leaving directory '/home/xiang/sources/rgbd-slam-tutorial-gx/part II/build/CMakeFiles/CMakeTmp'
Makefile:126: recipe for target 'cmTC_11a51/fast' failed
make: *** [cmTC_11a51/fast] Error 2

File /home/xiang/sources/rgbd-slam-tutorial-gx/part II/build/CMakeFiles/CMakeTmp/CheckSymbolExists.c:
/* */
#include <pthread.h>

int main(int argc, char** argv)
{
  (void)argv;
#ifndef pthread_create
  return ((int*)(&pthread_create))[argc];
#else
  (void)argc;
  return 0;
#endif
}

Determining if the function pthread_create exists in the pthreads failed with the following output:
Change Dir: /home/xiang/sources/rgbd-slam-tutorial-gx/part II/build/CMakeFiles/CMakeTmp

Run Build Command:"/usr/bin/make" "cmTC_cbe61/fast"
/usr/bin/make -f CMakeFiles/cmTC_cbe61.dir/build.make CMakeFiles/cmTC_cbe61.dir/build
make[1]: Entering directory '/home/xiang/sources/rgbd-slam-tutorial-gx/part II/build/CMakeFiles/CMakeTmp'
Building C object CMakeFiles/cmTC_cbe61.dir/CheckFunctionExists.c.o
/usr/bin/cc    -DCHECK_FUNCTION_EXISTS=pthread_create   -o CMakeFiles/cmTC_cbe61.dir/CheckFunctionExists.c.o   -c /usr/share/cmake-3.5/Modules/CheckFunctionExists.c
Linking C executable cmTC_cbe61
/usr/bin/cmake -E cmake_link_script CMakeFiles/cmTC_cbe61.dir/link.txt --verbose=1
/usr/bin/cc   -DCHECK_FUNCTION_EXISTS=pthread_create    CMakeFiles/cmTC_cbe61.dir/CheckFunctionExists.c.o  -o cmTC_cbe61 -rdynamic -lpthreads 
/usr/bin/ld: cannot find -lpthreads
collect2: error: ld returned 1 exit status
CMakeFiles/cmTC_cbe61.dir/build.make:97: recipe for target 'cmTC_cbe61' failed
make[1]: *** [cmTC_cbe61] Error 1
make[1]: Leaving directory '/home/xiang/sources/rgbd-slam-tutorial-gx/part II/build/CMakeFiles/CMakeTmp'
Makefile:126: recipe for target 'cmTC_cbe61/fast' failed
make: *** [cmTC_cbe61/fast] Error 2


