Determining if the pthread_create exist failed with the following output:
Change Dir: /home/xiang/sources/rgbd-slam-tutorial-gx/part III/build/CMakeFiles/CMakeTmp

Run Build Command:"/usr/bin/make" "cmTC_3c1be/fast"
/usr/bin/make -f CMakeFiles/cmTC_3c1be.dir/build.make CMakeFiles/cmTC_3c1be.dir/build
make[1]: Entering directory '/home/xiang/sources/rgbd-slam-tutorial-gx/part III/build/CMakeFiles/CMakeTmp'
Building C object CMakeFiles/cmTC_3c1be.dir/CheckSymbolExists.c.o
/usr/bin/cc     -o CMakeFiles/cmTC_3c1be.dir/CheckSymbolExists.c.o   -c "/home/xiang/sources/rgbd-slam-tutorial-gx/part III/build/CMakeFiles/CMakeTmp/CheckSymbolExists.c"
Linking C executable cmTC_3c1be
/usr/bin/cmake -E cmake_link_script CMakeFiles/cmTC_3c1be.dir/link.txt --verbose=1
/usr/bin/cc       CMakeFiles/cmTC_3c1be.dir/CheckSymbolExists.c.o  -o cmTC_3c1be -rdynamic 
CMakeFiles/cmTC_3c1be.dir/CheckSymbolExists.c.o: In function `main':
CheckSymbolExists.c:(.text+0x16): undefined reference to `pthread_create'
collect2: error: ld returned 1 exit status
CMakeFiles/cmTC_3c1be.dir/build.make:97: recipe for target 'cmTC_3c1be' failed
make[1]: *** [cmTC_3c1be] Error 1
make[1]: Leaving directory '/home/xiang/sources/rgbd-slam-tutorial-gx/part III/build/CMakeFiles/CMakeTmp'
Makefile:126: recipe for target 'cmTC_3c1be/fast' failed
make: *** [cmTC_3c1be/fast] Error 2

File /home/xiang/sources/rgbd-slam-tutorial-gx/part III/build/CMakeFiles/CMakeTmp/CheckSymbolExists.c:
/* */
#include <pthread.h>

int main(int argc, char** argv)
{
  (void)argv;
#ifndef pthread_create
  return ((int*)(&pthread_create))[argc];
#else
  (void)argc;
  return 0;
#endif
}

Determining if the function pthread_create exists in the pthreads failed with the following output:
Change Dir: /home/xiang/sources/rgbd-slam-tutorial-gx/part III/build/CMakeFiles/CMakeTmp

Run Build Command:"/usr/bin/make" "cmTC_ab25d/fast"
/usr/bin/make -f CMakeFiles/cmTC_ab25d.dir/build.make CMakeFiles/cmTC_ab25d.dir/build
make[1]: Entering directory '/home/xiang/sources/rgbd-slam-tutorial-gx/part III/build/CMakeFiles/CMakeTmp'
Building C object CMakeFiles/cmTC_ab25d.dir/CheckFunctionExists.c.o
/usr/bin/cc    -DCHECK_FUNCTION_EXISTS=pthread_create   -o CMakeFiles/cmTC_ab25d.dir/CheckFunctionExists.c.o   -c /usr/share/cmake-3.5/Modules/CheckFunctionExists.c
Linking C executable cmTC_ab25d
/usr/bin/cmake -E cmake_link_script CMakeFiles/cmTC_ab25d.dir/link.txt --verbose=1
/usr/bin/cc   -DCHECK_FUNCTION_EXISTS=pthread_create    CMakeFiles/cmTC_ab25d.dir/CheckFunctionExists.c.o  -o cmTC_ab25d -rdynamic -lpthreads 
/usr/bin/ld: cannot find -lpthreads
collect2: error: ld returned 1 exit status
CMakeFiles/cmTC_ab25d.dir/build.make:97: recipe for target 'cmTC_ab25d' failed
make[1]: *** [cmTC_ab25d] Error 1
make[1]: Leaving directory '/home/xiang/sources/rgbd-slam-tutorial-gx/part III/build/CMakeFiles/CMakeTmp'
Makefile:126: recipe for target 'cmTC_ab25d/fast' failed
make: *** [cmTC_ab25d/fast] Error 2


