Determining if the pthread_create exist failed with the following output:
Change Dir: /home/xiang/sources/rgbd-slam-tutorial-gx/part VI/build/CMakeFiles/CMakeTmp

Run Build Command:"/usr/bin/make" "cmTC_79016/fast"
/usr/bin/make -f CMakeFiles/cmTC_79016.dir/build.make CMakeFiles/cmTC_79016.dir/build
make[1]: Entering directory '/home/xiang/sources/rgbd-slam-tutorial-gx/part VI/build/CMakeFiles/CMakeTmp'
Building C object CMakeFiles/cmTC_79016.dir/CheckSymbolExists.c.o
/usr/bin/cc     -o CMakeFiles/cmTC_79016.dir/CheckSymbolExists.c.o   -c "/home/xiang/sources/rgbd-slam-tutorial-gx/part VI/build/CMakeFiles/CMakeTmp/CheckSymbolExists.c"
Linking C executable cmTC_79016
/usr/bin/cmake -E cmake_link_script CMakeFiles/cmTC_79016.dir/link.txt --verbose=1
/usr/bin/cc       CMakeFiles/cmTC_79016.dir/CheckSymbolExists.c.o  -o cmTC_79016 -rdynamic 
CMakeFiles/cmTC_79016.dir/CheckSymbolExists.c.o: In function `main':
CheckSymbolExists.c:(.text+0x16): undefined reference to `pthread_create'
collect2: error: ld returned 1 exit status
CMakeFiles/cmTC_79016.dir/build.make:97: recipe for target 'cmTC_79016' failed
make[1]: *** [cmTC_79016] Error 1
make[1]: Leaving directory '/home/xiang/sources/rgbd-slam-tutorial-gx/part VI/build/CMakeFiles/CMakeTmp'
Makefile:126: recipe for target 'cmTC_79016/fast' failed
make: *** [cmTC_79016/fast] Error 2

File /home/xiang/sources/rgbd-slam-tutorial-gx/part VI/build/CMakeFiles/CMakeTmp/CheckSymbolExists.c:
/* */
#include <pthread.h>

int main(int argc, char** argv)
{
  (void)argv;
#ifndef pthread_create
  return ((int*)(&pthread_create))[argc];
#else
  (void)argc;
  return 0;
#endif
}

Determining if the function pthread_create exists in the pthreads failed with the following output:
Change Dir: /home/xiang/sources/rgbd-slam-tutorial-gx/part VI/build/CMakeFiles/CMakeTmp

Run Build Command:"/usr/bin/make" "cmTC_25614/fast"
/usr/bin/make -f CMakeFiles/cmTC_25614.dir/build.make CMakeFiles/cmTC_25614.dir/build
make[1]: Entering directory '/home/xiang/sources/rgbd-slam-tutorial-gx/part VI/build/CMakeFiles/CMakeTmp'
Building C object CMakeFiles/cmTC_25614.dir/CheckFunctionExists.c.o
/usr/bin/cc    -DCHECK_FUNCTION_EXISTS=pthread_create   -o CMakeFiles/cmTC_25614.dir/CheckFunctionExists.c.o   -c /usr/share/cmake-3.5/Modules/CheckFunctionExists.c
Linking C executable cmTC_25614
/usr/bin/cmake -E cmake_link_script CMakeFiles/cmTC_25614.dir/link.txt --verbose=1
/usr/bin/cc   -DCHECK_FUNCTION_EXISTS=pthread_create    CMakeFiles/cmTC_25614.dir/CheckFunctionExists.c.o  -o cmTC_25614 -rdynamic -lpthreads 
/usr/bin/ld: cannot find -lpthreads
collect2: error: ld returned 1 exit status
CMakeFiles/cmTC_25614.dir/build.make:97: recipe for target 'cmTC_25614' failed
make[1]: *** [cmTC_25614] Error 1
make[1]: Leaving directory '/home/xiang/sources/rgbd-slam-tutorial-gx/part VI/build/CMakeFiles/CMakeTmp'
Makefile:126: recipe for target 'cmTC_25614/fast' failed
make: *** [cmTC_25614/fast] Error 2


